[22:34:36] [main/INFO]: Setting user: Player278
[22:34:37] [Client thread/INFO]: LWJGL Version: 2.9.1
[22:34:44] [Client thread/INFO]: Reloading ResourceManager: Default, FMLFileResourcePack:Forge Mod Loader, FMLFileResourcePack:Minecraft Forge, FMLFileResourcePack:Not Enough Items, FMLFileResourcePack:Watchcraft
[22:34:45] [Sound Library Loader/INFO]: Sound engine started
[22:34:45] [Client thread/INFO]: Created: 16x16 textures/blocks-atlas
[22:34:45] [Client thread/INFO]: Created: 16x16 textures/items-atlas
[22:34:46] [Client thread/INFO]: Reloading ResourceManager: Default, FMLFileResourcePack:Forge Mod Loader, FMLFileResourcePack:Minecraft Forge, FMLFileResourcePack:Not Enough Items, FMLFileResourcePack:Watchcraft
[22:34:46] [Client thread/INFO]: Created: 512x256 textures/blocks-atlas
[22:34:46] [Client thread/INFO]: Created: 256x256 textures/items-atlas
[22:34:47] [Sound Library Loader/INFO]: Sound engine started
[22:34:57] [Server thread/INFO]: Starting integrated minecraft server version 1.7.10
[22:34:57] [Server thread/INFO]: Generating keypair
[22:34:57] [Server thread/INFO]: Preparing start region for level 0
[22:34:58] [Server thread/INFO]: Changing view distance to 12, from 10
[22:34:59] [Server thread/INFO]: Player278[local:E:bc949aba] logged in with entity id 141 at (60.33009570015731, 63.0, -74.14965442864401)
[22:34:59] [Server thread/INFO]: Player278 joined the game
[22:35:11] [Server thread/INFO]: Player278 has just earned the achievement [Taking Inventory]
[22:35:11] [Client thread/INFO]: [CHAT] Player278 has just earned the achievement [Taking Inventory]
[22:35:27] [Server thread/INFO]: [Player278: Given [Milk] * 1 to Player278]
[22:35:27] [Client thread/INFO]: [CHAT] Given [Milk] * 1 to Player278
[22:38:05] [Server thread/INFO]: [Player278: Set the time to 1000]
[22:38:05] [Client thread/INFO]: [CHAT] Set the time to 1000
[22:45:28] [Server thread/WARN]: The save is being accessed from another location, aborting
[22:46:13] [Server thread/WARN]: The save is being accessed from another location, aborting
[22:46:58] [Server thread/WARN]: The save is being accessed from another location, aborting
[22:47:43] [Server thread/WARN]: The save is being accessed from another location, aborting
[22:48:28] [Server thread/WARN]: The save is being accessed from another location, aborting
[22:48:48] [Server thread/INFO]: Player278 was slain by Zombie
[22:48:48] [Client thread/INFO]: [CHAT] Player278 was slain by Zombie
[22:48:48] [Server thread/ERROR]: Couldn't save chunk; already in use by another instance of Minecraft?
net.minecraft.world.MinecraftException: The save is being accessed from another location, aborting
	at net.minecraft.world.storage.SaveHandler.checkSessionLock(SaveHandler.java:103) ~[SaveHandler.class:?]
	at net.minecraft.world.World.checkSessionLock(World.java:3932) ~[World.class:?]
	at net.minecraft.world.chunk.storage.AnvilChunkLoader.saveChunk(AnvilChunkLoader.java:197) ~[AnvilChunkLoader.class:?]
	at net.minecraft.world.gen.ChunkProviderServer.safeSaveChunk(ChunkProviderServer.java:287) [ChunkProviderServer.class:?]
	at net.minecraft.world.gen.ChunkProviderServer.unloadQueuedChunks(ChunkProviderServer.java:388) [ChunkProviderServer.class:?]
	at net.minecraft.world.WorldServer.tick(WorldServer.java:173) [WorldServer.class:?]
	at net.minecraft.server.MinecraftServer.updateTimeLightAndEntities(MinecraftServer.java:692) [MinecraftServer.class:?]
	at net.minecraft.server.MinecraftServer.tick(MinecraftServer.java:614) [MinecraftServer.class:?]
	at net.minecraft.server.integrated.IntegratedServer.tick(IntegratedServer.java:1[22:52:42] [Server thread/INFO]: [Player350: Set the time to 1000]
[22:52:42] [Client thread/INFO]: [CHAT] Set the time to 1000
[22:52:51] [Server thread/INFO]: Player350 has just earned the achievement [Taking Inventory]
[22:52:51] [Client thread/INFO]: [CHAT] Player350 has just earned the achievement [Taking Inventory]
[22:52:52] [Client thread/INFO]: Stopping!
[22:52:52] [Server thread/INFO]: Stopping server
[22:52:52] [Server thread/INFO]: Saving players
[22:52:52] [Server thread/INFO]: Saving worlds
[22:52:52] [Server thread/INFO]: Saving chunks for level 'Watchcraft Testing'/Overworld
[22:52:52] [Server thread/INFO]: Saving chunks for level 'Watchcraft Testing'/Nether
[22:52:52] [Server thread/INFO]: Saving chunks for level 'Watchcraft Testing'/The End
[22:52:53] [Client Shutdown Thread/INFO]: Stopping server
[22:52:53] [Client Shutdown Thread/INFO]: Saving players
oviderServer.unloadQueuedChunks(ChunkProviderServer.java:388) [ChunkProviderServer.class:?]
	at net.minecraft.world.WorldServer.tick(WorldServer.java:173) [WorldServer.class:?]
	at net.minecraft.server.MinecraftServer.updateTimeLightAndEntities(MinecraftServer.java:692) [MinecraftServer.class:?]
	at net.minecraft.server.MinecraftServer.tick(MinecraftServer.java:614) [MinecraftServer.class:?]
	at net.minecraft.server.integrated.IntegratedServer.tick(IntegratedServer.java:118) [IntegratedServer.class:?]
	at net.minecraft.server.MinecraftServer.run(MinecraftServer.java:485) [MinecraftServer.class:?]
	at net.minecraft.server.MinecraftServer$2.run(MinecraftServer.java:752) [MinecraftServer$2.class:?]
[22:48:48] [Server thread/ERROR]: Couldn't save chunk; already in use by another instance of Minecraft?
net.minecraft.world.MinecraftException: The save is being accessed from another location, aborting
	at net.minecraft.world.storage.SaveHandler.checkSessionLock(SaveHandler.java:103) ~[SaveHandler.class:?]
	at net.minecraft.world.World.checkSessionLock(World.java:3932) ~[World.class:?]
	at net.minecraft.world.chunk.storage.AnvilChunkLoader.saveChunk(AnvilChunkLoader.java:197) ~[AnvilChunkLoader.class:?]
	at net.minecraft.world.gen.ChunkProviderServer.safeSaveChunk(ChunkProviderServer.java:287) [ChunkProviderServer.class:?]
	at net.minecraft.world.gen.ChunkProviderServer.unloadQueuedChunks(ChunkProviderServer.java:388) [ChunkProviderServer.class:?]
	at net.minecraft.world.WorldServer.tick(WorldServer.java:173) [WorldServer.class:?]
	at net.minecraft.server.MinecraftServer.updateTimeLightAndEntities(MinecraftServer.java:692) [MinecraftServer.class:?]
	at net.minecraft.server.MinecraftServer.tick(MinecraftServer.java:614) [MinecraftServer.class:?]
	at net.minecraft.server.integrated.IntegratedServer.tick(IntegratedServer.java:118) [IntegratedServer.class:?]
	at net.minecraft.server.MinecraftServer.run(MinecraftServer.java:485) [MinecraftServer.class:?]
	at net.minecraft.server.MinecraftServer$2.run(MinecraftServer.java:752) [MinecraftServer$2.class:?]
[22:48:48] [Server thread/ERROR]: Couldn't save chunk; already in use by another instance of Minecraft?
net.minecraft.world.MinecraftException: The save is being accessed from another location, aborting
	at net.minecraft.world.storage.SaveHandler.checkSessionLock(SaveHandler.java:103) ~[SaveHandler.class:?]
	at net.minecraft.world.World.checkSessionLock(World.java:3932) ~[World.class:?]
	at net.minecraft.world.chunk.storage.AnvilChunkLoader.saveChunk(AnvilChunkLoader.java:197) ~[AnvilChunkLoader.class:?]
	at net.minecraft.world.gen.ChunkProviderServer.safeSaveChunk(ChunkProviderServer.java:287) [ChunkProviderServer.class:?]
	at net.minecraft.world.gen.ChunkProviderServer.unloadQueuedChunks(ChunkProviderServer.java:388) [ChunkProviderServer.class:?]
	at net.minecraft.world.WorldServer.tick(WorldServer.java:173) [WorldServer.class:?]
	at net.minecraft.server.MinecraftServer.updateTimeLightAndEntities(MinecraftServer.java:692) [MinecraftServer.class:?]
	at net.minecraft.server.MinecraftServer.tick(MinecraftServer.java:614) [MinecraftServer.class:?]
	at net.minecraft.server.integrated.IntegratedServer.tick(IntegratedServer.java:118) [IntegratedServer.class:?]
	at net.minecraft.server.MinecraftServer.run(MinecraftServer.java:485) [MinecraftServer.class:?]
	at net.minecraft.server.MinecraftServer$2.run(MinecraftServer.java:752) [MinecraftServer$2.class:?]
[22:48:48] [Server thread/ERROR]: Couldn't save chunk; already in use by another instance of Minecraft?
net.minecraft.world.MinecraftException: The save is being accessed from another location, aborting
	at net.minecraft.world.storage.SaveHandler.checkSessionLock(SaveHandler.java:103) ~[SaveHandler.class:?]
	at net.minecraft.world.World.checkSessionLock(World.java:3932) ~[World.class:?]
	at net.minecraft.world.chunk.storage.AnvilChunkLoader.saveChunk(AnvilChunkLoader.java:197) ~[AnvilChunkLoader.class:?]
	at net.minecraft.world.gen.ChunkProviderServer.safeSaveChunk(ChunkProviderServer.java:287) [ChunkProviderServer.class:?]
	at net.minecraft.world.gen.ChunkProviderServer.unloadQueuedChunks(ChunkProviderServer.java:388) [ChunkProviderServer.class:?]
	at net.minecraft.world.WorldServer.tick(WorldServer.java:173) [WorldServer.class:?]
	at net.minecraft.server.MinecraftServer.updateTimeLightAndEntities(MinecraftServer.java:692) [MinecraftServer.class:?]
	at net.minecraft.server.MinecraftServer.tick(MinecraftServer.java:614) [MinecraftServer.class:?]
	at net.minecraft.server.integrated.IntegratedServer.tick(IntegratedServer.java:118) [IntegratedServer.class:?]
	at net.minecraft.server.MinecraftServer.run(MinecraftServer.java:485) [MinecraftServer.class:?]
	at net.minecraft.server.MinecraftServer$2.run(MinecraftServer.java:752) [MinecraftServer$2.class:?]
[22:48:48] [Server thread/ERROR]: Couldn't save chunk; already in use by another instance of Minecraft?
net.minecraft.world.MinecraftException: The save is being accessed from another location, aborting
	at net.minecraft.world.storage.SaveHandler.checkSessionLock(SaveHandler.java:103) ~[SaveHandler.class:?]
	at net.minecraft.world.World.checkSessionLock(World.java:3932) ~[World.class:?]
	at net.minecraft.world.chunk.storage.AnvilChunkLoader.saveChunk(AnvilChunkLoader.java:197) ~[AnvilChunkLoader.class:?]
	at net.minecraft.world.gen.ChunkProviderServer.safeSaveChunk(ChunkProviderServer.java:287) [ChunkProviderServer.class:?]
	at net.minecraft.world.gen.ChunkProviderServer.unloadQueuedChunks(ChunkProviderServer.java:388) [ChunkProviderServer.class:?]
	at net.minecraft.world.WorldServer.tick(WorldServer.java:173) [WorldServer.class:?]
	at net.minecraft.server.MinecraftServer.updateTimeLightAndEntities(MinecraftServer.java:692) [MinecraftServer.class:?]
	at net.minecraft.server.MinecraftServer.tick(MinecraftServer.java:614) [MinecraftServer.class:?]
	at net.minecraft.server.integrated.IntegratedServer.tick(IntegratedServer.java:118) [IntegratedServer.class:?]
	at net.minecraft.server.MinecraftServer.run(MinecraftServer.java:485) [MinecraftServer.class:?]
	at net.minecraft.server.MinecraftServer$2.run(MinecraftServer.java:752) [MinecraftServer$2.class:?]
[22:48:48] [Server thread/ERROR]: Couldn't save chunk; already in use by another instance of Minecraft?
net.minecraft.world.MinecraftException: The save is being accessed from another location, aborting
	at net.minecraft.world.storage.SaveHandler.checkSessionLock(SaveHandler.java:103) ~[SaveHandler.class:?]
	at net.minecraft.world.World.checkSessionLock(World.java:3932) ~[World.class:?]
	at net.minecraft.world.chunk.storage.AnvilChunkLoader.saveChunk(AnvilChunkLoader.java:197) ~[AnvilChunkLoader.class:?]
	at net.minecraft.world.gen.ChunkProviderServer.safeSaveChunk(ChunkProviderServer.java:287) [ChunkProviderServer.class:?]
	at net.minecraft.world.gen.ChunkProviderServer.unloadQueuedChunks(ChunkProviderServer.java:388) [ChunkProviderServer.class:?]
	at net.minecraft.world.WorldServer.tick(WorldServer.java:173) [WorldServer.class:?]
	at net.minecraft.server.MinecraftServer.updateTimeLightAndEntities(MinecraftServer.java:692) [MinecraftServer.class:?]
	at net.minecraft.server.MinecraftServer.tick(MinecraftServer.java:614) [MinecraftServer.class:?]
	at net.minecraft.server.integrated.IntegratedServer.tick(IntegratedServer.java:118) [IntegratedServer.class:?]
	at net.minecraft.server.MinecraftServer.run(MinecraftServer.java:485) [MinecraftServer.class:?]
	at net.minecraft.server.MinecraftServer$2.run(MinecraftServer.java:752) [MinecraftServer$2.class:?]
[22:48:48] [Server thread/ERROR]: Couldn't save chunk; already in use by another instance of Minecraft?
net.minecraft.world.MinecraftException: The save is being accessed from another location, aborting
	at net.minecraft.world.storage.SaveHandler.checkSessionLock(SaveHandler.java:103) ~[SaveHandler.class:?]
	at net.minecraft.world.World.checkSessionLock(World.java:3932) ~[World.class:?]
	at net.minecraft.world.chunk.storage.AnvilChunkLoader.saveChunk(AnvilChunkLoader.java:197) ~[AnvilChunkLoader.class:?]
	at net.minecraft.world.gen.ChunkProviderServer.safeSaveChunk(ChunkProviderServer.java:287) [ChunkProviderServer.class:?]
	at net.minecraft.world.gen.ChunkProviderServer.unloadQueuedChunks(ChunkProviderServer.java:388) [ChunkProviderServer.class:?]
	at net.minecraft.world.WorldServer.tick(WorldServer.java:173) [WorldServer.class:?]
	at net.minecraft.server.MinecraftServer.updateTimeLightAndEntities(MinecraftServer.java:692) [MinecraftServer.class:?]
	at net.minecraft.server.MinecraftServer.tick(MinecraftServer.java:614) [MinecraftServer.class:?]
	at net.minecraft.server.integrated.IntegratedServer.tick(IntegratedServer.java:118) [IntegratedServer.class:?]
	at net.minecraft.server.MinecraftServer.run(MinecraftServer.java:485) [MinecraftServer.class:?]
	at net.minecraft.server.MinecraftServer$2.run(MinecraftServer.java:752) [MinecraftServer$2.class:?]
[22:48:48] [Server thread/ERROR]: Couldn't save chunk; already in use by another instance of Minecraft?
net.minecraft.world.MinecraftException: The save is being accessed from another location, aborting
	at net.minecraft.world.storage.SaveHandler.checkSessionLock(SaveHandler.java:103) ~[SaveHandler.class:?]
	at net.minecraft.world.World.checkSessionLock(World.java:3932) ~[World.class:?]
	at net.minecraft.world.chunk.storage.AnvilChunkLoader.saveChunk(AnvilChunkLoader.java:197) ~[AnvilChunkLoader.class:?]
	at net.minecraft.world.gen.ChunkProviderServer.safeSaveChunk(ChunkProviderServer.java:287) [ChunkProviderServer.class:?]
	at net.minecraft.world.gen.ChunkProviderServer.unloadQueuedChunks(ChunkProviderServer.java:388) [ChunkProviderServer.class:?]
	at net.minecraft.world.WorldServer.tick(WorldServer.java:173) [WorldServer.class:?]
	at net.minecraft.server.MinecraftServer.updateTimeLightAndEntities(MinecraftServer.java:692) [MinecraftServer.class:?]
	at net.minecraft.server.MinecraftServer.tick(MinecraftServer.java:614) [MinecraftServer.class:?]
	at net.minecraft.server.integrated.IntegratedServer.tick(IntegratedServer.java:118) [IntegratedServer.class:?]
	at net.minecraft.server.MinecraftServer.run(MinecraftServer.java:485) [MinecraftServer.class:?]
	at net.minecraft.server.MinecraftServer$2.run(MinecraftServer.java:752) [MinecraftServer$2.class:?]
[22:48:48] [Server thread/ERROR]: Couldn't save chunk; already in use by another instance of Minecraft?
net.minecraft.world.MinecraftException: The save is being accessed from another location, aborting
	at net.minecraft.world.storage.SaveHandler.checkSessionLock(SaveHandler.java:103) ~[SaveHandler.class:?]
	at net.minecraft.world.World.checkSessionLock(World.java:3932) ~[World.class:?]
	at net.minecraft.world.chunk.storage.AnvilChunkLoader.saveChunk(AnvilChunkLoader.java:197) ~[AnvilChunkLoader.class:?]
	at net.minecraft.world.gen.ChunkProviderServer.safeSaveChunk(ChunkProviderServer.java:287) [ChunkProviderServer.class:?]
	at net.minecraft.world.gen.ChunkProviderServer.unloadQueuedChunks(ChunkProviderServer.java:388) [ChunkProviderServer.class:?]
	at net.minecraft.world.WorldServer.tick(WorldServer.java:173) [WorldServer.class:?]
	at net.minecraft.server.MinecraftServer.updateTimeLightAndEntities(MinecraftServer.java:692) [MinecraftServer.class:?]
	at net.minecraft.server.MinecraftServer.tick(MinecraftServer.java:614) [MinecraftServer.class:?]
	at net.minecraft.server.integrated.IntegratedServer.tick(IntegratedServer.java:118) [IntegratedServer.class:?]
	at net.minecraft.server.MinecraftServer.run(MinecraftServer.java:485) [MinecraftServer.class:?]
	at net.minecraft.server.MinecraftServer$2.run(MinecraftServer.java:752) [MinecraftServer$2.class:?]
[22:48:48] [Server thread/ERROR]: Couldn't save chunk; already in use by another instance of Minecraft?
net.minecraft.world.MinecraftException: The save is being accessed from another location, aborting
	at net.minecraft.world.storage.SaveHandler.checkSessionLock(SaveHandler.java:103) ~[SaveHandler.class:?]
	at net.minecraft.world.World.checkSessionLock(World.java:3932) ~[World.class:?]
	at net.minecraft.world.chunk.storage.AnvilChunkLoader.saveChunk(AnvilChunkLoader.java:197) ~[AnvilChunkLoader.class:?]
	at net.minecraft.world.gen.ChunkProviderServer.safeSaveChunk(ChunkProviderServer.java:287) [ChunkProviderServer.class:?]
	at net.minecraft.world.gen.ChunkProviderServer.unloadQueuedChunks(ChunkProviderServer.java:388) [ChunkProviderServer.class:?]
	at net.minecraft.world.WorldServer.tick(WorldServer.java:173) [WorldServer.class:?]
	at net.minecraft.server.MinecraftServer.updateTimeLightAndEntities(MinecraftServer.java:692) [MinecraftServer.class:?]
	at net.minecraft.server.MinecraftServer.tick(MinecraftServer.java:614) [MinecraftServer.class:?]
	at net.minecraft.server.integrated.IntegratedServer.tick(IntegratedServer.java:118) [IntegratedServer.class:?]
	at net.minecraft.server.MinecraftServer.run(MinecraftServer.java:485) [MinecraftServer.class:?]
	at net.minecraft.server.MinecraftServer$2.run(MinecraftServer.java:752) [MinecraftServer$2.class:?]
[22:48:48] [Server thread/ERROR]: Couldn't save chunk; already in use by another instance of Minecraft?
net.minecraft.world.MinecraftException: The save is being accessed from another location, aborting
	at net.minecraft.world.storage.SaveHandler.checkSessionLock(SaveHandler.java:103) ~[SaveHandler.class:?]
	at net.minecraft.world.World.checkSessionLock(World.java:3932) ~[World.class:?]
	at net.minecraft.world.chunk.storage.AnvilChunkLoader.saveChunk(AnvilChunkLoader.java:197) ~[AnvilChunkLoader.class:?]
	at net.minecraft.world.gen.ChunkProviderServer.safeSaveChunk(ChunkProviderServer.java:287) [ChunkProviderServer.class:?]
	at net.minecraft.world.gen.ChunkProviderServer.unloadQueuedChunks(ChunkProviderServer.java:388) [ChunkProviderServer.class:?]
	at net.minecraft.world.WorldServer.tick(WorldServer.java:173) [WorldServer.class:?]
	at net.minecraft.server.MinecraftServer.updateTimeLightAndEntities(MinecraftServer.java:692) [MinecraftServer.class:?]
	at net.minecraft.server.MinecraftServer.tick(MinecraftServer.java:614) [MinecraftServer.class:?]
	at net.minecraft.server.integrated.IntegratedServer.tick(IntegratedServer.java:118) [IntegratedServer.class:?]
	at net.minecraft.server.MinecraftServer.run(MinecraftServer.java:485) [MinecraftServer.class:?]
	at net.minecraft.server.MinecraftServer$2.run(MinecraftServer.java:752) [MinecraftServer$2.class:?]
[22:48:48] [Server thread/ERROR]: Couldn't save chunk; already in use by another instance of Minecraft?
net.minecraft.world.MinecraftException: The save is being accessed from another location, aborting
	at net.minecraft.world.storage.SaveHandler.checkSessionLock(SaveHandler.java:103) ~[SaveHandler.class:?]
	at net.minecraft.world.World.checkSessionLock(World.java:3932) ~[World.class:?]
	at net.minecraft.world.chunk.storage.AnvilChunkLoader.saveChunk(AnvilChunkLoader.java:197) ~[AnvilChunkLoader.class:?]
	at net.minecraft.world.gen.ChunkProviderServer.safeSaveChunk(ChunkProviderServer.java:287) [ChunkProviderServer.class:?]
	at net.minecraft.world.gen.ChunkProviderServer.unloadQueuedChunks(ChunkProviderServer.java:388) [ChunkProviderServer.class:?]
	at net.minecraft.world.WorldServer.tick(WorldServer.java:173) [WorldServer.class:?]
	at net.minecraft.server.MinecraftServer.updateTimeLightAndEntities(MinecraftServer.java:692) [MinecraftServer.class:?]
	at net.minecraft.server.MinecraftServer.tick(MinecraftServer.java:614) [MinecraftServer.class:?]
	at net.minecraft.server.integrated.IntegratedServer.tick(IntegratedServer.java:118) [IntegratedServer.class:?]
	at net.minecraft.server.MinecraftServer.run(MinecraftServer.java:485) [MinecraftServer.class:?]
	at net.minecraft.server.MinecraftServer$2.run(MinecraftServer.java:752) [MinecraftServer$2.class:?]
[22:48:48] [Server thread/ERROR]: Couldn't save chunk; already in use by another instance of Minecraft?
net.minecraft.world.MinecraftException: The save is being accessed from another location, aborting
	at net.minecraft.world.storage.SaveHandler.checkSessionLock(SaveHandler.java:103) ~[SaveHandler.class:?]
	at net.minecraft.world.World.checkSessionLock(World.java:3932) ~[World.class:?]
	at net.minecraft.world.chunk.storage.AnvilChunkLoader.saveChunk(AnvilChunkLoader.java:197) ~[AnvilChunkLoader.class:?]
	at net.minecraft.world.gen.ChunkProviderServer.safeSaveChunk(ChunkProviderServer.java:287) [ChunkProviderServer.class:?]
	at net.minecraft.world.gen.ChunkProviderServer.unloadQueuedChunks(ChunkProviderServer.java:388) [ChunkProviderServer.class:?]
	at net.minecraft.world.WorldServer.tick(WorldServer.java:173) [WorldServer.class:?]
	at net.minecraft.server.MinecraftServer.updateTimeLightAndEntities(MinecraftServer.java:692) [MinecraftServer.class:?]
	at net.minecraft.server.MinecraftServer.tick(MinecraftServer.java:614) [MinecraftServer.class:?]
	at net.minecraft.server.integrated.IntegratedServer.tick(IntegratedServer.java:118) [IntegratedServer.class:?]
	at net.minecraft.server.MinecraftServer.run(MinecraftServer.java:485) [MinecraftServer.class:?]
	at net.minecraft.server.MinecraftServer$2.run(MinecraftServer.java:752) [MinecraftServer$2.class:?]
[22:48:48] [Server thread/ERROR]: Couldn't save chunk; already in use by another instance of Minecraft?
net.minecraft.world.MinecraftException: The save is being accessed from another location, aborting
	at net.minecraft.world.storage.SaveHandler.checkSessionLock(SaveHandler.java:103) ~[SaveHandler.class:?]
	at net.minecraft.world.World.checkSessionLock(World.java:3932) ~[World.class:?]
	at net.minecraft.world.chunk.storage.AnvilChunkLoader.saveChunk(AnvilChunkLoader.java:197) ~[AnvilChunkLoader.class:?]
	at net.minecraft.world.gen.ChunkProviderServer.safeSaveChunk(ChunkProviderServer.java:287) [ChunkProviderServer.class:?]
	at net.minecraft.world.gen.ChunkProviderServer.unloadQueuedChunks(ChunkProviderServer.java:388) [ChunkProviderServer.class:?]
	at net.minecraft.world.WorldServer.tick(WorldServer.java:173) [WorldServer.class:?]
	at net.minecraft.server.MinecraftServer.updateTimeLightAndEntities(MinecraftServer.java:692) [MinecraftServer.class:?]
	at net.minecraft.server.MinecraftServer.tick(MinecraftServer.java:614) [MinecraftServer.class:?]
	at net.minecraft.server.integrated.IntegratedServer.tick(IntegratedServer.java:118) [IntegratedServer.class:?]
	at net.minecraft.server.MinecraftServer.run(MinecraftServer.java:485) [MinecraftServer.class:?]
	at net.minecraft.server.MinecraftServer$2.run(MinecraftServer.java:752) [MinecraftServer$2.class:?]
[22:48:48] [Server thread/ERROR]: Couldn't save chunk; already in use by another instance of Minecraft?
net.minecraft.world.MinecraftException: The save is being accessed from another location, aborting
	at net.minecraft.world.storage.SaveHandler.checkSessionLock(SaveHandler.java:103) ~[SaveHandler.class:?]
	at net.minecraft.world.World.checkSessionLock(World.java:3932) ~[World.class:?]
	at net.minecraft.world.chunk.storage.AnvilChunkLoader.saveChunk(AnvilChunkLoader.java:197) ~[AnvilChunkLoader.class:?]
	at net.minecraft.world.gen.ChunkProviderServer.safeSaveChunk(ChunkProviderServer.java:287) [ChunkProviderServer.class:?]
	at net.minecraft.world.gen.ChunkProviderServer.unloadQueuedChunks(ChunkProviderServer.java:388) [ChunkProviderServer.class:?]
	at net.minecraft.world.WorldServer.tick(WorldServer.java:173) [WorldServer.class:?]
	at net.minecraft.server.MinecraftServer.updateTimeLightAndEntities(MinecraftServer.java:692) [MinecraftServer.class:?]
	at net.minecraft.server.MinecraftServer.tick(MinecraftServer.java:614) [MinecraftServer.class:?]
	at net.minecraft.server.integrated.IntegratedServer.tick(IntegratedServer.java:118) [IntegratedServer.class:?]
	at net.minecraft.server.MinecraftServer.run(MinecraftServer.java:485) [MinecraftServer.class:?]
	at net.minecraft.server.MinecraftServer$2.run(MinecraftServer.java:752) [MinecraftServer$2.class:?]
[22:48:48] [Server thread/ERROR]: Couldn't save chunk; already in use by another instance of Minecraft?
net.minecraft.world.MinecraftException: The save is being accessed from another location, aborting
	at net.minecraft.world.storage.SaveHandler.checkSessionLock(SaveHandler.java:103) ~[SaveHandler.class:?]
	at net.minecraft.world.World.checkSessionLock(World.java:3932) ~[World.class:?]
	at net.minecraft.world.chunk.storage.AnvilChunkLoader.saveChunk(AnvilChunkLoader.java:197) ~[AnvilChunkLoader.class:?]
	at net.minecraft.world.gen.ChunkProviderServer.safeSaveChunk(ChunkProviderServer.java:287) [ChunkProviderServer.class:?]
	at net.minecraft.world.gen.ChunkProviderServer.unloadQueuedChunks(ChunkProviderServer.java:388) [ChunkProviderServer.class:?]
	at net.minecraft.world.WorldServer.tick(WorldServer.java:173) [WorldServer.class:?]
	at net.minecraft.server.MinecraftServer.updateTimeLightAndEntities(MinecraftServer.java:692) [MinecraftServer.class:?]
	at net.minecraft.server.MinecraftServer.tick(MinecraftServer.java:614) [MinecraftServer.class:?]
	at net.minecraft.server.integrated.IntegratedServer.tick(IntegratedServer.java:118) [IntegratedServer.class:?]
	at net.minecraft.server.MinecraftServer.run(MinecraftServer.java:485) [MinecraftServer.class:?]
	at net.minecraft.server.MinecraftServer$2.run(MinecraftServer.java:752) [MinecraftServer$2.class:?]
[22:48:48] [Server thread/ERROR]: Couldn't save chunk; already in use by another instance of Minecraft?
net.minecraft.world.MinecraftException: The save is being accessed from another location, aborting
	at net.minecraft.world.storage.SaveHandler.checkSessionLock(SaveHandler.java:103) ~[SaveHandler.class:?]
	at net.minecraft.world.World.checkSessionLock(World.java:3932) ~[World.class:?]
	at net.minecraft.world.chunk.storage.AnvilChunkLoader.saveChunk(AnvilChunkLoader.java:197) ~[AnvilChunkLoader.class:?]
	at net.minecraft.world.gen.ChunkProviderServer.safeSaveChunk(ChunkProviderServer.java:287) [ChunkProviderServer.class:?]
	at net.minecraft.world.gen.ChunkProviderServer.unloadQueuedChunks(ChunkProviderServer.java:388) [ChunkProviderServer.class:?]
	at net.minecraft.world.WorldServer.tick(WorldServer.java:173) [WorldServer.class:?]
	at net.minecraft.server.MinecraftServer.updateTimeLightAndEntities(MinecraftServer.java:692) [MinecraftServer.class:?]
	at net.minecraft.server.MinecraftServer.tick(MinecraftServer.java:614) [MinecraftServer.class:?]
	at net.minecraft.server.integrated.IntegratedServer.tick(IntegratedServer.java:118) [IntegratedServer.class:?]
	at net.minecraft.server.MinecraftServer.run(MinecraftServer.java:485) [MinecraftServer.class:?]
	at net.minecraft.server.MinecraftServer$2.run(MinecraftServer.java:752) [MinecraftServer$2.class:?]
[22:48:48] [Server thread/ERROR]: Couldn't save chunk; already in use by another instance of Minecraft?
net.minecraft.world.MinecraftException: The save is being accessed from another location, aborting
	at net.minecraft.world.storage.SaveHandler.checkSessionLock(SaveHandler.java:103) ~[SaveHandler.class:?]
	at net.minecraft.world.World.checkSessionLock(World.java:3932) ~[World.class:?]
	at net.minecraft.world.chunk.storage.AnvilChunkLoader.saveChunk(AnvilChunkLoader.java:197) ~[AnvilChunkLoader.class:?]
	at net.minecraft.world.gen.ChunkProviderServer.safeSaveChunk(ChunkProviderServer.java:287) [ChunkProviderServer.class:?]
	at net.minecraft.world.gen.ChunkProviderServer.unloadQueuedChunks(ChunkProviderServer.java:388) [ChunkProviderServer.class:?]
	at net.minecraft.world.WorldServer.tick(WorldServer.java:173) [WorldServer.class:?]
	at net.minecraft.server.MinecraftServer.updateTimeLightAndEntities(MinecraftServer.java:692) [MinecraftServer.class:?]
	at net.minecraft.server.MinecraftServer.tick(MinecraftServer.java:614) [MinecraftServer.class:?]
	at net.minecraft.server.integrated.IntegratedServer.tick(IntegratedServer.java:118) [IntegratedServer.class:?]
	at net.minecraft.server.MinecraftServer.run(MinecraftServer.java:485) [MinecraftServer.class:?]
	at net.minecraft.server.MinecraftServer$2.run(MinecraftServer.java:752) [MinecraftServer$2.class:?]
[22:48:48] [Server thread/ERROR]: Couldn't save chunk; already in use by another instance of Minecraft?
net.minecraft.world.MinecraftException: The save is being accessed from another location, aborting
	at net.minecraft.world.storage.SaveHandler.checkSessionLock(SaveHandler.java:103) ~[SaveHandler.class:?]
	at net.minecraft.world.World.checkSessionLock(World.java:3932) ~[World.class:?]
	at net.minecraft.world.chunk.storage.AnvilChunkLoader.saveChunk(AnvilChunkLoader.java:197) ~[AnvilChunkLoader.class:?]
	at net.minecraft.world.gen.ChunkProviderServer.safeSaveChunk(ChunkProviderServer.java:287) [ChunkProviderServer.class:?]
	at net.minecraft.world.gen.ChunkProviderServer.unloadQueuedChunks(ChunkProviderServer.java:388) [ChunkProviderServer.class:?]
	at net.minecraft.world.WorldServer.tick(WorldServer.java:173) [WorldServer.class:?]
	at net.minecraft.server.MinecraftServer.updateTimeLightAndEntities(MinecraftServer.java:692) [MinecraftServer.class:?]
	at net.minecraft.server.MinecraftServer.tick(MinecraftServer.java:614) [MinecraftServer.class:?]
	at net.minecraft.server.integrated.IntegratedServer.tick(IntegratedServer.java:118) [IntegratedServer.class:?]
	at net.minecraft.server.MinecraftServer.run(MinecraftServer.java:485) [MinecraftServer.class:?]
	at net.minecraft.server.MinecraftServer$2.run(MinecraftServer.java:752) [MinecraftServer$2.class:?]
[22:48:48] [Server thread/ERROR]: Couldn't save chunk; already in use by another instance of Minecraft?
net.minecraft.world.MinecraftException: The save is being accessed from another location, aborting
	at net.minecraft.world.storage.SaveHandler.checkSessionLock(SaveHandler.java:103) ~[SaveHandler.class:?]
	at net.minecraft.world.World.checkSessionLock(World.java:3932) ~[World.class:?]
	at net.minecraft.world.chunk.storage.AnvilChunkLoader.saveChunk(AnvilChunkLoader.java:197) ~[AnvilChunkLoader.class:?]
	at net.minecraft.world.gen.ChunkProviderServer.safeSaveChunk(ChunkProviderServer.java:287) [ChunkProviderServer.class:?]
	at net.minecraft.world.gen.ChunkProviderServer.unloadQueuedChunks(ChunkProviderServer.java:388) [ChunkProviderServer.class:?]
	at net.minecraft.world.WorldServer.tick(WorldServer.java:173) [WorldServer.class:?]
	at net.minecraft.server.MinecraftServer.updateTimeLightAndEntities(MinecraftServer.java:692) [MinecraftServer.class:?]
	at net.minecraft.server.MinecraftServer.tick(MinecraftServer.java:614) [MinecraftServer.class:?]
	at net.minecraft.server.integrated.IntegratedServer.tick(IntegratedServer.java:118) [IntegratedServer.class:?]
	at net.minecraft.server.MinecraftServer.run(MinecraftServer.java:485) [MinecraftServer.class:?]
	at net.minecraft.server.MinecraftServer$2.run(MinecraftServer.java:752) [MinecraftServer$2.class:?]
[22:48:48] [Server thread/ERROR]: Couldn't save chunk; already in use by another instance of Minecraft?
net.minecraft.world.MinecraftException: The save is being accessed from another location, aborting
	at net.minecraft.world.storage.SaveHandler.checkSessionLock(SaveHandler.java:103) ~[SaveHandler.class:?]
	at net.minecraft.world.World.checkSessionLock(World.java:3932) ~[World.class:?]
	at net.minecraft.world.chunk.storage.AnvilChunkLoader.saveChunk(AnvilChunkLoader.java:197) ~[AnvilChunkLoader.class:?]
	at net.minecraft.world.gen.ChunkProviderServer.safeSaveChunk(ChunkProviderServer.java:287) [ChunkProviderServer.class:?]
	at net.minecraft.world.gen.ChunkProviderServer.unloadQueuedChunks(ChunkProviderServer.java:388) [ChunkProviderServer.class:?]
	at net.minecraft.world.WorldServer.tick(WorldServer.java:173) [WorldServer.class:?]
	at net.minecraft.server.MinecraftServer.updateTimeLightAndEntities(MinecraftServer.java:692) [MinecraftServer.class:?]
	at net.minecraft.server.MinecraftServer.tick(MinecraftServer.java:614) [MinecraftServer.class:?]
	at net.minecraft.server.integrated.IntegratedServer.tick(IntegratedServer.java:118) [IntegratedServer.class:?]
	at net.minecraft.server.MinecraftServer.run(MinecraftServer.java:485) [MinecraftServer.class:?]
	at net.minecraft.server.MinecraftServer$2.run(MinecraftServer.java:752) [MinecraftServer$2.class:?]
[22:48:48] [Server thread/ERROR]: Couldn't save chunk; already in use by another instance of Minecraft?
net.minecraft.world.MinecraftException: The save is being accessed from another location, aborting
	at net.minecraft.world.storage.SaveHandler.checkSessionLock(SaveHandler.java:103) ~[SaveHandler.class:?]
	at net.minecraft.world.World.checkSessionLock(World.java:3932) ~[World.class:?]
	at net.minecraft.world.chunk.storage.AnvilChunkLoader.saveChunk(AnvilChunkLoader.java:197) ~[AnvilChunkLoader.class:?]
	at net.minecraft.world.gen.ChunkProviderServer.safeSaveChunk(ChunkProviderServer.java:287) [ChunkProviderServer.class:?]
	at net.minecraft.world.gen.ChunkProviderServer.unloadQueuedChunks(ChunkProviderServer.java:388) [ChunkProviderServer.class:?]
	at net.minecraft.world.WorldServer.tick(WorldServer.java:173) [WorldServer.class:?]
	at net.minecraft.server.MinecraftServer.updateTimeLightAndEntities(MinecraftServer.java:692) [MinecraftServer.class:?]
	at net.minecraft.server.MinecraftServer.tick(MinecraftServer.java:614) [MinecraftServer.class:?]
	at net.minecraft.server.integrated.IntegratedServer.tick(IntegratedServer.java:118) [IntegratedServer.class:?]
	at net.minecraft.server.MinecraftServer.run(MinecraftServer.java:485) [MinecraftServer.class:?]
	at net.minecraft.server.MinecraftServer$2.run(MinecraftServer.java:752) [MinecraftServer$2.class:?]
[22:48:48] [Server thread/ERROR]: Couldn't save chunk; already in use by another instance of Minecraft?
net.minecraft.world.MinecraftException: The save is being accessed from another location, aborting
	at net.minecraft.world.storage.SaveHandler.checkSessionLock(SaveHandler.java:103) ~[SaveHandler.class:?]
	at net.minecraft.world.World.checkSessionLock(World.java:3932) ~[World.class:?]
	at net.minecraft.world.chunk.storage.AnvilChunkLoader.saveChunk(AnvilChunkLoader.java:197) ~[AnvilChunkLoader.class:?]
	at net.minecraft.world.gen.ChunkProviderServer.safeSaveChunk(ChunkProviderServer.java:287) [ChunkProviderServer.class:?]
	at net.minecraft.world.gen.ChunkProviderServer.unloadQueuedChunks(ChunkProviderServer.java:388) [ChunkProviderServer.class:?]
	at net.minecraft.world.WorldServer.tick(WorldServer.java:173) [WorldServer.class:?]
	at net.minecraft.server.MinecraftServer.updateTimeLightAndEntities(MinecraftServer.java:692) [MinecraftServer.class:?]
	at net.minecraft.server.MinecraftServer.tick(MinecraftServer.java:614) [MinecraftServer.class:?]
	at net.minecraft.server.integrated.IntegratedServer.tick(IntegratedServer.java:118) [IntegratedServer.class:?]
	at net.minecraft.server.MinecraftServer.run(MinecraftServer.java:485) [MinecraftServer.class:?]
	at net.minecraft.server.MinecraftServer$2.run(MinecraftServer.java:752) [MinecraftServer$2.class:?]
[22:48:48] [Server thread/ERROR]: Couldn't save chunk; already in use by another instance of Minecraft?
net.minecraft.world.MinecraftException: The save is being accessed from another location, aborting
	at net.minecraft.world.storage.SaveHandler.checkSessionLock(SaveHandler.java:103) ~[SaveHandler.class:?]
	at net.minecraft.world.World.checkSessionLock(World.java:3932) ~[World.class:?]
	at net.minecraft.world.chunk.storage.AnvilChunkLoader.saveChunk(AnvilChunkLoader.java:197) ~[AnvilChunkLoader.class:?]
	at net.minecraft.world.gen.ChunkProviderServer.safeSaveChunk(ChunkProviderServer.java:287) [ChunkProviderServer.class:?]
	at net.minecraft.world.gen.ChunkProviderServer.unloadQueuedChunks(ChunkProviderServer.java:388) [ChunkProviderServer.class:?]
	at net.minecraft.world.WorldServer.tick(WorldServer.java:173) [WorldServer.class:?]
	at net.minecraft.server.MinecraftServer.updateTimeLightAndEntities(MinecraftServer.java:692) [MinecraftServer.class:?]
	at net.minecraft.server.MinecraftServer.tick(MinecraftServer.java:614) [MinecraftServer.class:?]
	at net.minecraft.server.integrated.IntegratedServer.tick(IntegratedServer.java:118) [IntegratedServer.class:?]
	at net.minecraft.server.MinecraftServer.run(MinecraftServer.java:485) [MinecraftServer.class:?]
	at net.minecraft.server.MinecraftServer$2.run(MinecraftServer.java:752) [MinecraftServer$2.class:?]
[22:49:13] [Server thread/WARN]: The save is being accessed from another location, aborting
[22:49:58] [Server thread/WARN]: The save is being accessed from another location, aborting
[22:50:43] [Server thread/WARN]: The save is being accessed from another location, aborting
[22:51:28] [Server thread/WARN]: The save is being accessed from another location, aborting
[22:52:13] [Server thread/WARN]: The save is being accessed from another location, aborting
[22:52:58] [Server thread/WARN]: The save is being accessed from another location, aborting
[22:53:43] [Server thread/WARN]: The save is being accessed from another location, aborting
[22:54:28] [Server thread/WARN]: The save is being accessed from another location, aborting
[22:55:13] [Server thread/WARN]: The save is being accessed from another location, aborting
[22:55:58] [Server thread/WARN]: The save is being accessed from another location, aborting
[22:56:43] [Server thread/WARN]: The save is being accessed from another location, aborting
[22:57:28] [Server thread/WARN]: The save is being accessed from another location, aborting
[22:58:13] [Server thread/WARN]: The save is being accessed from another location, aborting
[22:58:58] [Server thread/WARN]: The save is being accessed from another location, aborting
[22:59:43] [Server thread/WARN]: The save is being accessed from another location, aborting
[23:00:28] [Server thread/WARN]: The save is being accessed from another location, aborting
[23:01:13] [Server thread/WARN]: The save is being accessed from another location, aborting
[23:01:58] [Server thread/WARN]: The save is being accessed from another location, aborting
[23:02:43] [Server thread/WARN]: The save is being accessed from another location, aborting
[23:03:28] [Server thread/WARN]: The save is being accessed from another location, aborting
[23:04:13] [Server thread/WARN]: The save is being accessed from another location, aborting
[23:04:58] [Server thread/WARN]: The save is being accessed from another location, aborting
INFO]: Stopping server
[22:54:18] [Server thread/INFO]: Saving players
[22:54:18] [Server thread/INFO]: Saving worlds
[22:54:18] [Server thread/INFO]: Saving chunks for level 'Watchcraft Testing'/Overworld
[22:54:18] [Server thread/INFO]: Saving chunks for level 'Watchcraft Testing'/Nether
[22:54:18] [Server thread/INFO]: Saving chunks for level 'Watchcraft Testing'/The End
[22:54:31] [main/INFO]: Setting user: Player841
[22:54:33] [Client thread/INFO]: LWJGL Version: 2.9.1
[22:54:40] [Client thread/INFO]: Reloading ResourceManager: Default, FMLFileResourcePack:Forge Mod Loader, FMLFileResourcePack:Minecraft Forge, FMLFileResourcePack:Not Enough Items, FMLFileResourcePack:Watchcraft
[22:54:41] [Sound Library Loader/INFO]: Sound engine started
[22:54:41] [Client thread/INFO]: Created: 16x16 textures/blocks-atlas
[22:54:41] [Client thread/INFO]: Created: 16x16 textures/items-atlas
[22:54:42] [Client thread/INFO]: Reloading ResourceManager: Default, FMLFileResourcePack:Forge Mod Loader, FMLFileResourcePack:Minecraft Forge, FMLFileResourcePack:Not Enough Items, FMLFileResourcePack:Watchcraft
[22:54:42] [Client thread/INFO]: Created: 512x256 textures/blocks-atlas
[22:54:42] [Client thread/INFO]: Created: 256x256 textures/items-atlas
[22:54:43] [Sound Library Loader/INFO]: Sound engine started
[22:54:44] [Server thread/INFO]: Starting integrated minecraft server version 1.7.10
[22:54:44] [Server thread/INFO]: Generating keypair
[22:54:45] [Server thread/INFO]: Preparing start region for level 0
[22:54:45] [Server thread/INFO]: Changing view distance to 12, from 10
[22:54:46] [Server thread/INFO]: Player841[local:E:d75172d1] logged in with entity id 164 at (50.346794324179385, 63.0, -83.05926779818755)
[22:54:46] [Server thread/INFO]: Player841 joined the game
[22:55:06] [Server thread/INFO]: Player841 has just earned the achievement [Taking Inventory]
[22:55:06] [Client thread/INFO]: [CHAT] Player841 has just earned the achievement [Taking Inventory]
[22:55:07] [Client thread/INFO]: Stopping!
[22:55:07] [Server thread/INFO]: Stopping server
[22:55:07] [Server thread/INFO]: Saving players
[22:55:07] [Server thread/INFO]: Saving worlds
[22:55:07] [Server thread/INFO]: Saving chunks for level 'Watchcraft Testing'/Overworld
[22:55:07] [Server thread/INFO]: Saving chunks for level 'Watchcraft Testing'/Nether
[22:55:07] [Server thread/INFO]: Saving chunks for level 'Watchcraft Testing'/The End
[22:55:36] [main/INFO]: Setting user: Player502
[22:55:38] [Client thread/INFO]: LWJGL Version: 2.9.1
[22:55:44] [Client thread/INFO]: Reloading ResourceManager: Default, FMLFileResourcePack:Forge Mod Loader, FMLFileResourcePack:Minecraft Forge, FMLFileResourcePack:Not Enough Items, FMLFileResourcePack:Watchcraft
[22:55:45] [Sound Library Loader/INFO]: Sound engine started
[22:55:46] [Client thread/INFO]: Created: 16x16 textures/blocks-atlas
[22:55:46] [Client thread/INFO]: Created: 16x16 textures/items-atlas
[22:55:46] [Client thread/INFO]: Reloading ResourceManager: Default, FMLFileResourcePack:Forge Mod Loader, FMLFileResourcePack:Minecraft Forge, FMLFileResourcePack:Not Enough Items, FMLFileResourcePack:Watchcraft
[22:55:46] [Client thread/INFO]: Created: 512x256 textures/blocks-atlas
[22:55:46] [Client thread/INFO]: Created: 256x256 textures/items-atlas
[22:55:47] [Sound Library Loader/INFO]: Sound engine started
[22:55:49] [Server thread/INFO]: Starting integrated minecraft server version 1.7.10
[22:55:49] [Server thread/INFO]: Generating keypair
[22:55:50] [Server thread/INFO]: Preparing start region for level 0
[22:55:50] [Server thread/INFO]: Changing view distance to 12, from 10
[22:55:51] [Server thread/INFO]: Player502[local:E:d33a60af] logged in with entity id 165 at (50.415639399212914, 63.0, -85.46705421985081)
[22:55:51] [Server thread/INFO]: Player502 joined the game
[22:56:03] [Server thread/INFO]: Player502 has just earned the achievement [Taking Inventory]
[22:56:03] [Client thread/INFO]: [CHAT] Player502 has just earned the achievement [Taking Inventory]
[22:56:04] [Client thread/INFO]: Stopping!
[22:56:04] [Server thread/INFO]: Stopping server
[22:56:04] [Server thread/INFO]: Saving players
[22:56:04] [Server thread/INFO]: Saving worlds
[22:56:04] [Server thread/INFO]: Saving chunks for level 'Watchcraft Testing'/Overworld
[22:56:04] [Server thread/INFO]: Saving chunks for level 'Watchcraft Testing'/Nether
[22:56:04] [Server thread/INFO]: Saving chunks for level 'Watchcraft Testing'/The End
[22:56:26] [main/INFO]: Setting user: Player453
[22:56:27] [Client thread/INFO]: LWJGL Version: 2.9.1
[22:56:34] [Client thread/INFO]: Reloading ResourceManager: Default, FMLFileResourcePack:Forge Mod Loader, FMLFileResourcePack:Minecraft Forge, FMLFileResourcePack:Not Enough Items, FMLFileResourcePack:Watchcraft
[22:56:35] [Sound Library Loader/INFO]: Sound engine started
[22:56:35] [Client thread/INFO]: Created: 16x16 textures/blocks-atlas
[22:56:35] [Client thread/INFO]: Created: 16x16 textures/items-atlas
[22:56:36] [Client thread/INFO]: Reloading ResourceManager: Default, FMLFileResourcePack:Forge Mod Loader, FMLFileResourcePack:Minecraft Forge, FMLFileResourcePack:Not Enough Items, FMLFileResourcePack:Watchcraft
[22:56:36] [Client thread/INFO]: Created: 512x256 textures/blocks-atlas
[22:56:36] [Client thread/INFO]: Created: 256x256 textures/items-atlas
[22:56:37] [Sound Library Loader/INFO]: Sound engine started
[22:56:39] [Server thread/INFO]: Starting integrated minecraft server version 1.7.10
[22:56:39] [Server thread/INFO]: Generating keypair
[22:56:39] [Server thread/INFO]: Preparing start region for level 0
[22:56:40] [Server thread/INFO]: Changing view distance to 12, from 10
[22:56:41] [Server thread/INFO]: Player453[local:E:d319a7c9] logged in with entity id 164 at (52.15501974364944, 63.0, -84.21025206854193)
[22:56:41] [Server thread/INFO]: Player453 joined the game
[22:56:48] [Server thread/INFO]: Player453 has just earned the achievement [Taking Inventory]
[22:56:48] [Client thread/INFO]: [CHAT] Player453 has just earned the achievement [Taking Inventory]
[22:56:49] [Client thread/INFO]: Stopping!
[22:56:49] [Server thread/INFO]: Stopping server
[22:56:49] [Server thread/INFO]: Saving players
[22:56:49] [Server thread/INFO]: Saving worlds
[22:56:49] [Server thread/INFO]: Saving chunks for level 'Watchcraft Testing'/Overworld
[22:56:49] [Server thread/INFO]: Saving chunks for level 'Watchcraft Testing'/Nether
[22:56:49] [Server thread/INFO]: Saving chunks for level 'Watchcraft Testing'/The End
[22:57:06] [main/INFO]: Setting user: Player49
[22:57:07] [Client thread/INFO]: LWJGL Version: 2.9.1
[22:57:14] [Client thread/INFO]: Reloading ResourceManager: Default, FMLFileResourcePack:Forge Mod Loader, FMLFileResourcePack:Minecraft Forge, FMLFileResourcePack:Not Enough Items, FMLFileResourcePack:Watchcraft
[22:57:15] [Sound Library Loader/INFO]: Sound engine started
[22:57:15] [Client thread/INFO]: Created: 16x16 textures/blocks-atlas
[22:57:15] [Client thread/INFO]: Created: 16x16 textures/items-atlas
[22:57:16] [Client thread/INFO]: Reloading ResourceManager: Default, FMLFileResourcePack:Forge Mod Loader, FMLFileResourcePack:Minecraft Forge, FMLFileResourcePack:Not Enough Items, FMLFileResourcePack:Watchcraft
[22:57:16] [Client thread/INFO]: Created: 512x256 textures/blocks-atlas
[22:57:16] [Client thread/INFO]: Created: 256x256 textures/items-atlas
[22:57:17] [Sound Library Loader/INFO]: Sound engine started
[22:57:19] [Server thread/INFO]: Starting integrated minecraft server version 1.7.10
[22:57:19] [Server thread/INFO]: Generating keypair
[22:57:19] [Server thread/INFO]: Preparing start region for level 0
[22:57:20] [Server thread/INFO]: Changing view distance to 12, from 10
[22:57:20] [Server thread/INFO]: Player49[local:E:d2e23fc2] logged in with entity id 164 at (52.15501974364944, 63.0, -84.21025206854193)
[22:57:20] [Server thread/INFO]: Player49 joined the game
[22:57:26] [Server thread/INFO]: Player49 has just earned the achievement [Taking Inventory]
[22:57:26] [Client thread/INFO]: [CHAT] Player49 has just earned the achievement [Taking Inventory]
[22:57:33] [Client thread/INFO]: Stopping!
[22:57:33] [Server thread/INFO]: Stopping server
[22:57:33] [Server thread/INFO]: Saving players
[22:57:33] [Server thread/INFO]: Saving worlds
[22:57:33] [Server thread/INFO]: Saving chunks for level 'Watchcraft Testing'/Overworld
[22:57:33] [Server thread/INFO]: Saving chunks for level 'Watchcraft Testing'/Nether
[22:57:33] [Server thread/INFO]: Saving chunks for level 'Watchcraft Testing'/The End
[22:57:48] [main/INFO]: Setting user: Player279
[22:57:50] [Client thread/INFO]: LWJGL Version: 2.9.1
[22:57:56] [Client thread/INFO]: Reloading ResourceManager: Default, FMLFileResourcePack:Forge Mod Loader, FMLFileResourcePack:Minecraft Forge, FMLFileResourcePack:Not Enough Items, FMLFileResourcePack:Watchcraft
[22:57:58] [Sound Library Loader/INFO]: Sound engine started
[22:57:58] [Client thread/INFO]: Created: 16x16 textures/blocks-atlas
[22:57:58] [Client thread/INFO]: Created: 16x16 textures/items-atlas
[22:57:58] [Client thread/INFO]: Reloading ResourceManager: Default, FMLFileResourcePack:Forge Mod Loader, FMLFileResourcePack:Minecraft Forge, FMLFileResourcePack:Not Enough Items, FMLFileResourcePack:Watchcraft
[22:57:59] [Client thread/INFO]: Created: 512x256 textures/blocks-atlas
[22:57:59] [Client thread/INFO]: Created: 256x256 textures/items-atlas
[22:57:59] [Sound Library Loader/INFO]: Sound engine started
[22:58:02] [Server thread/INFO]: Starting integrated minecraft server version 1.7.10
[22:58:02] [Server thread/INFO]: Generating keypair
[22:58:02] [Server thread/INFO]: Preparing start region for level 0
[22:58:03] [Server thread/INFO]: Changing view distance to 12, from 10
[22:58:03] [Server thread/INFO]: Player279[local:E:4e60e7cc] logged in with entity id 162 at (56.12524303893912, 63.0, -87.16632890700548)
[22:58:03] [Server thread/INFO]: Player279 joined the game
[22:58:55] [Server thread/INFO]: Player279 has just earned the achievement [Taking Inventory]
[22:58:55] [Client thread/INFO]: [CHAT] Player279 has just earned the achievement [Taking Inventory]
[22:58:57] [Client thread/INFO]: Stopping!
[22:58:57] [Server thread/INFO]: Stopping server
[22:58:57] [Server thread/INFO]: Saving players
[22:58:57] [Server thread/INFO]: Saving worlds
[22:58:57] [Server thread/INFO]: Saving chunks for level 'Watchcraft Testing'/Overworld
[22:58:57] [Server thread/INFO]: Saving chunks for level 'Watchcraft Testing'/Nether
[22:58:57] [Server thread/INFO]: Saving chunks for level 'Watchcraft Testing'/The End
[22:58:57] [Client Shutdown Thread/INFO]: Stopping server
[22:58:57] [Client Shutdown Thread/INFO]: Saving players
[23:02:41] [main/INFO]: Setting user: Player718
[23:02:43] [Client thread/INFO]: LWJGL Version: 2.9.1
[23:02:49] [Client thread/INFO]: Reloading ResourceManager: Default, FMLFileResourcePack:Forge Mod Loader, FMLFileResourcePack:Minecraft Forge, FMLFileResourcePack:Not Enough Items, FMLFileResourcePack:Watchcraft
[23:02:51] [Client thread/INFO]: Created: 16x16 textures/blocks-atlas
[23:02:51] [Client thread/INFO]: Created: 16x16 textures/items-atlas
[23:02:51] [Sound Library Loader/INFO]: Sound engine started
[23:02:51] [Client thread/INFO]: Reloading ResourceManager: Default, FMLFileResourcePack:Forge Mod Loader, FMLFileResourcePack:Minecraft Forge, FMLFileResourcePack:Not Enough Items, FMLFileResourcePack:Watchcraft
[23:02:51] [Client thread/INFO]: Created: 512x256 textures/blocks-atlas
[23:02:51] [Client thread/INFO]: Created: 256x256 textures/items-atlas
[23:02:52] [Sound Library Loader/INFO]: Sound engine started
[23:02:54] [Server thread/INFO]: Starting integrated minecraft server version 1.7.10
[23:02:54] [Server thread/INFO]: Generating keypair
[23:02:54] [Server thread/INFO]: Preparing start region for level 0
[23:02:55] [Server thread/INFO]: Changing view distance to 12, from 10
[23:02:56] [Server thread/INFO]: Player718[local:E:9eaf4d7b] logged in with entity id 158 at (65.87266001779345, 63.0, -75.3625492061638)
[23:02:56] [Server thread/INFO]: Player718 joined the game
[23:03:04] [Server thread/INFO]: Player718 has just earned the achievement [Taking Inventory]
[23:03:04] [Client thread/INFO]: [CHAT] Player718 has just earned the achievement [Taking Inventory]
[23:03:05] [Client thread/INFO]: Stopping!
[23:03:05] [Server thread/INFO]: Stopping server
[23:03:05] [Server thread/INFO]: Saving players
[23:03:05] [Server thread/INFO]: Saving worlds
[23:03:05] [Server thread/INFO]: Saving chunks for level 'Watchcraft Testing'/Overworld
[23:03:05] [Server thread/INFO]: Saving chunks for level 'Watchcraft Testing'/Nether
[23:03:05] [Server thread/INFO]: Saving chunks for level 'Watchcraft Testing'/The End
[23:03:05] [Client Shutdown Thread/INFO]: Stopping server
[23:03:05] [Client Shutdown Thread/INFO]: Saving players
[23:03:18] [main/INFO]: Setting user: Player335
[23:03:20] [Client thread/INFO]: LWJGL Version: 2.9.1
[23:03:27] [Client thread/INFO]: Reloading ResourceManager: Default, FMLFileResourcePack:Forge Mod Loader, FMLFileResourcePack:Minecraft Forge, FMLFileResourcePack:Not Enough Items, FMLFileResourcePack:Watchcraft
[23:03:28] [Sound Library Loader/INFO]: Sound engine started
[23:03:28] [Client thread/INFO]: Created: 16x16 textures/blocks-atlas
[23:03:28] [Client thread/INFO]: Created: 16x16 textures/items-atlas
[23:03:29] [Client thread/INFO]: Reloading ResourceManager: Default, FMLFileResourcePack:Forge Mod Loader, FMLFileResourcePack:Minecraft Forge, FMLFileResourcePack:Not Enough Items, FMLFileResourcePack:Watchcraft
[23:03:29] [Client thread/INFO]: Created: 512x256 textures/blocks-atlas
[23:03:29] [Client thread/INFO]: Created: 256x256 textures/items-atlas
[23:03:30] [Sound Library Loader/INFO]: Sound engine started
[23:03:32] [Server thread/INFO]: Starting integrated minecraft server version 1.7.10
[23:03:32] [Server thread/INFO]: Generating keypair
[23:03:32] [Server thread/INFO]: Preparing start region for level 0
[23:03:33] [Server thread/INFO]: Changing view distance to 12, from 10
[23:03:34] [Server thread/INFO]: Player335[local:E:d8f87fdf] logged in with entity id 160 at (65.87266001779345, 63.0, -75.3625492061638)
[23:03:34] [Server thread/INFO]: Player335 joined the game
[23:03:38] [Server thread/INFO]: Player335 has just earned the achievement [Taking Inventory]
[23:03:38] [Client thread/INFO]: [CHAT] Player335 has just earned the achievement [Taking Inventory]
[23:03:39] [Client thread/INFO]: Stopping!
[23:03:39] [Server thread/INFO]: Stopping server
[23:03:39] [Server thread/INFO]: Saving players
[23:03:39] [Server thread/INFO]: Saving worlds
[23:03:39] [Server thread/INFO]: Saving chunks for level 'Watchcraft Testing'/Overworld
[23:03:39] [Server thread/INFO]: Saving chunks for level 'Watchcraft Testing'/Nether
[23:03:39] [Server thread/INFO]: Saving chunks for level 'Watchcraft Testing'/The End
[23:03:55] [main/INFO]: Setting user: Player951
[23:03:57] [Client thread/INFO]: LWJGL Version: 2.9.1
[23:04:04] [Client thread/INFO]: Reloading ResourceManager: Default, FMLFileResourcePack:Forge Mod Loader, FMLFileResourcePack:Minecraft Forge, FMLFileResourcePack:Not Enough Items, FMLFileResourcePack:Watchcraft
[23:04:05] [Sound Library Loader/INFO]: Sound engine started
[23:04:05] [Client thread/INFO]: Created: 16x16 textures/blocks-atlas
[23:04:05] [Client thread/INFO]: Created: 16x16 textures/items-atlas
[23:04:06] [Client thread/INFO]: Reloading ResourceManager: Default, FMLFileResourcePack:Forge Mod Loader, FMLFileResourcePack:Minecraft Forge, FMLFileResourcePack:Not Enough Items, FMLFileResourcePack:Watchcraft
[23:04:06] [Client thread/INFO]: Created: 512x256 textures/blocks-atlas
[23:04:06] [Client thread/INFO]: Created: 256x256 textures/items-atlas
[23:04:07] [Sound Library Loader/INFO]: Sound engine started
[23:04:09] [Server thread/INFO]: Starting integrated minecraft server version 1.7.10
[23:04:09] [Server thread/INFO]: Generating keypair
[23:04:09] [Server thread/INFO]: Preparing start region for level 0
[23:04:10] [Server thread/INFO]: Changing view distance to 12, from 10
[23:04:10] [Server thread/INFO]: Player951[local:E:33805de0] logged in with entity id 160 at (65.87266001779345, 63.0, -75.3625492061638)
[23:04:10] [Server thread/INFO]: Player951 joined the game
[23:04:16] [Server thread/INFO]: Player951 has just earned the achievement [Taking Inventory]
[23:04:16] [Client thread/INFO]: [CHAT] Player951 has just earned the achievement [Taking Inventory]
[23:04:17] [Client thread/INFO]: Stopping!
[23:04:17] [Server thread/INFO]: Stopping server
[23:04:17] [Server thread/INFO]: Saving players
[23:04:17] [Server thread/INFO]: Saving worlds
[23:04:17] [Server thread/INFO]: Saving chunks for level 'Watchcraft Testing'/Overworld
[23:04:17] [Server thread/INFO]: Saving chunks for level 'Watchcraft Testing'/Nether
[23:04:17] [Server thread/INFO]: Saving chunks for level 'Watchcraft Testing'/The End
[23:04:31] [main/INFO]: Setting user: Player475
[23:04:32] [Client thread/INFO]: LWJGL Version: 2.9.1
[23:04:40] [Client thread/INFO]: Reloading ResourceManager: Default, FMLFileResourcePack:Forge Mod Loader, FMLFileResourcePack:Minecraft Forge, FMLFileResourcePack:Not Enough Items, FMLFileResourcePack:Watchcraft
[23:04:41] [Sound Library Loader/INFO]: Sound engine started
[23:04:41] [Client thread/INFO]: Created: 16x16 textures/blocks-atlas
[23:04:41] [Client thread/INFO]: Created: 16x16 textures/items-atlas
[23:04:42] [Client thread/INFO]: Reloading ResourceManager: Default, FMLFileResourcePack:Forge Mod Loader, FMLFileResourcePack:Minecraft Forge, FMLFileResourcePack:Not Enough Items, FMLFileResourcePack:Watchcraft
[23:04:42] [Client thread/INFO]: Created: 512x256 textures/blocks-atlas
[23:04:42] [Client thread/INFO]: Created: 256x256 textures/items-atlas
[23:04:43] [Sound Library Loader/INFO]: Sound engine started
[23:04:45] [Server thread/INFO]: Starting integrated minecraft server version 1.7.10
[23:04:45] [Server thread/INFO]: Generating keypair
[23:04:45] [Server thread/INFO]: Preparing start region for level 0
[23:04:46] [Server thread/INFO]: Changing view distance to 12, from 10
[23:04:46] [Server thread/INFO]: Player475[local:E:111ce888] logged in with entity id 159 at (65.87266001779345, 63.0, -75.3625492061638)
[23:04:46] [Server thread/INFO]: Player475 joined the game
[23:04:50] [Server thread/INFO]: Player475 has just earned the achievement [Taking Inventory]
[23:04:50] [Client thread/INFO]: [CHAT] Player475 has just earned the achievement [Taking Inventory]
[23:04:51] [Client thread/INFO]: Stopping!
[23:04:51] [Server thread/INFO]: Stopping server
[23:04:51] [Server thread/INFO]: Saving players
[23:04:51] [Server thread/INFO]: Saving worlds
[23:04:51] [Server thread/INFO]: Saving chunks for level 'Watchcraft Testing'/Overworld
[23:04:51] [Server thread/INFO]: Saving chunks for level 'Watchcraft Testing'/Nether
[23:04:51] [Server thread/INFO]: Saving chunks for level 'Watchcraft Testing'/The End
[23:04:51] [Client Shutdown Thread/INFO]: Stopping server
[23:04:51] [Client Shutdown Thread/INFO]: Saving players
[23:05:06] [main/INFO]: Setting user: Player612
[23:05:07] [Client thread/INFO]: LWJGL Version: 2.9.1
[23:05:15] [Client thread/INFO]: Reloading ResourceManager: Default, FMLFileResourcePack:Forge Mod Loader, FMLFileResourcePack:Minecraft Forge, FMLFileResourcePack:Not Enough Items, FMLFileResourcePack:Watchcraft
[23:05:16] [Sound Library Loader/INFO]: Sound engine started
[23:05:16] [Client thread/INFO]: Created: 16x16 textures/blocks-atlas
[23:05:16] [Client thread/INFO]: Created: 16x16 textures/items-atlas
[23:05:16] [Client thread/INFO]: Reloading ResourceManager: Default, FMLFileResourcePack:Forge Mod Loader, FMLFileResourcePack:Minecraft Forge, FMLFileResourcePack:Not Enough Items, FMLFileResourcePack:Watchcraft
[23:05:17] [Client thread/INFO]: Created: 512x256 textures/blocks-atlas
[23:05:17] [Client thread/INFO]: Created: 256x256 textures/items-atlas
[23:05:17] [Sound Library Loader/INFO]: Sound engine started
[23:05:21] [Server thread/INFO]: Starting integrated minecraft server version 1.7.10
[23:05:21] [Server thread/INFO]: Generating keypair
[23:05:21] [Server thread/INFO]: Preparing start region for level 0
[23:05:22] [Server thread/INFO]: Changing view distance to 12, from 10
[23:05:22] [Server thread/INFO]: Player612[local:E:c113f039] logged in with entity id 159 at (65.87266001779345, 63.0, -75.3625492061638)
[23:05:22] [Server thread/INFO]: Player612 joined the game
[23:05:27] [Server thread/INFO]: Player612 has just earned the achievement [Taking Inventory]
[23:05:27] [Client thread/INFO]: [CHAT] Player612 has just earned the achievement [Taking Inventory]
[23:05:28] [Client thread/INFO]: Stopping!
[23:05:28] [Server thread/INFO]: Stopping server
[23:05:28] [Server thread/INFO]: Saving players
[23:05:28] [Server thread/INFO]: Saving worlds
[23:05:28] [Server thread/INFO]: Saving chunks for level 'Watchcraft Testing'/Overworld
[23:05:28] [Server thread/INFO]: Saving chunks for level 'Watchcraft Testing'/Nether
[23:05:28] [Server thread/INFO]: Saving chunks for level 'Watchcraft Testing'/The End
[23:05:28] [Client Shutdown Thread/INFO]: Stopping server
[23:05:28] [Client Shutdown Thread/INFO]: Saving players
