[21:22:02] [main/INFO]: Setting user: Player861
[21:22:03] [Client thread/INFO]: LWJGL Version: 2.9.1
[21:22:11] [Client thread/INFO]: Reloading ResourceManager: Default, FMLFileResourcePack:Forge Mod Loader, FMLFileResourcePack:Minecraft Forge, FMLFileResourcePack:Not Enough Items, FMLFileResourcePack:watchcraft
[21:22:12] [Sound Library Loader/INFO]: Sound engine started
[21:22:12] [Client thread/INFO]: Created: 16x16 textures/blocks-atlas
[21:22:12] [Client thread/INFO]: Created: 16x16 textures/items-atlas
[21:22:13] [Client thread/INFO]: Reloading ResourceManager: Default, FMLFileResourcePack:Forge Mod Loader, FMLFileResourcePack:Minecraft Forge, FMLFileResourcePack:Not Enough Items, FMLFileResourcePack:watchcraft
[21:22:13] [Client thread/INFO]: Created: 512x256 textures/blocks-atlas
[21:22:13] [Client thread/INFO]: Created: 256x256 textures/items-atlas
[21:22:14] [Sound Library Loader/INFO]: Sound engine started
[21:22:17] [Server thread/INFO]: Starting integrated minecraft server version 1.7.10
[21:22:17] [Server thread/INFO]: Generating keypair
[21:22:17] [Server thread/INFO]: Preparing start region for level 0
[21:22:18] [Server thread/INFO]: Changing view distance to 12, from 10
[21:22:18] [Server thread/INFO]: Player861[local:E:59a7be91] logged in with entity id 211 at (16.947583915678553, 70.0, 257.2019761182779)
[21:22:18] [Server thread/INFO]: Player861 joined the game
[21:22:32] [Server thread/INFO]: Player861 has just earned the achievement [Taking Inventory]
[21:22:32] [Client thread/INFO]: [CHAT] Player861 has just earned the achievement [Taking Inventory]
[21:22:39] [Server thread/INFO]: Saving and pausing game...
[21:22:39] [Server thread/INFO]: Saving chunks for level 'WatchCraft Testing'/Overworld
[21:22:39] [Server thread/INFO]: Saving chunks for level 'WatchCraft Testing'/Nether
[21:22:39] [Server thread/INFO]: Saving chunks for level 'WatchCraft Testing'/The End
[21:22:39] [Server thread/INFO]: Stopping server
[21:22:39] [Server thread/INFO]: Saving players
[21:22:39] [Server thread/INFO]: Saving worlds
[21:22:39] [Server thread/INFO]: Saving chunks for level 'WatchCraft Testing'/Overworld
[21:22:39] [Server thread/INFO]: Saving chunks for level 'WatchCraft Testing'/Nether
[21:22:39] [Server thread/INFO]: Saving chunks for level 'WatchCraft Testing'/The End
[21:22:45] [Server thread/INFO]: Starting integrated minecraft server version 1.7.10
[21:22:45] [Server thread/INFO]: Generating keypair
[21:22:45] [Server thread/INFO]: Preparing start region for level 0
[21:22:45] [Server thread/INFO]: Changing view distance to 12, from 10
[21:22:46] [Server thread/INFO]: Player861[local:E:8a86cde9] logged in with entity id 858 at (16.947583915678553, 70.0, 257.2019761182779)
[21:22:46] [Server thread/INFO]: Player861 joined the game
[21:23:30] [Client thread/INFO]: Stopping!
[21:23:30] [Server thread/INFO]: Stopping server
[21:23:30] [Server thread/INFO]: Saving players
[21:23:30] [Server thread/INFO]: Saving worlds
[21:23:30] [Server thread/INFO]: Saving chunks for level 'WatchCraft Testing'/Overworld
[21:23:30] [Server thread/INFO]: Saving chunks for level 'WatchCraft Testing'/Nether
[21:23:30] [Server thread/INFO]: Saving chunks for level 'WatchCraft Testing'/The End
